<?xml version="1.0" encoding="UTF-8"?>
<testng-results ignored="2" total="5" passed="0" failed="0" skipped="3">
  <reporter-output>
  </reporter-output>
  <suite started-at="2021-01-20T15:34:00Z" name="Surefire suite" finished-at="2021-01-20T15:34:03Z" duration-ms="2659">
    <groups>
    </groups>
    <test started-at="2021-01-20T15:34:00Z" name="Surefire test" finished-at="2021-01-20T15:34:03Z" duration-ms="2659">
      <class name="tests.LoginPageInvalidTest">
        <test-method is-config="true" signature="setUp()[pri:0, instance:tests.LoginPageInvalidTest@43d455c9]" started-at="2021-01-20T15:34:03Z" name="setUp" finished-at="2021-01-20T15:34:03Z" duration-ms="0" status="FAIL">
          <exception class="java.lang.VerifyError">
            <message>
              <![CDATA[Expecting a stackmap frame at branch target 37
Exception Details:
  Location:
    pages/home/LoginPage.TypeInInvalidUserName()V @9: invokestatic
  Reason:
    Expected stackmap frame at this location.
  Bytecode:
    0000000: b200 b72a 2ab8 0094 4cb8 009a 2bb6 009e
    0000010: 2ab4 004a 04bd 004d 5903 125c 53b9 0051
    0000020: 0200 a700 0d4d b800 9a2c b600 a22c bfb8
    0000030: 009a b600 a5b1                         
  Exception Handler Table:
    bci [9, 37] => handler: 37
]]>
            </message>
            <full-stacktrace>
              <![CDATA[java.lang.VerifyError: Expecting a stackmap frame at branch target 37
Exception Details:
  Location:
    pages/home/LoginPage.TypeInInvalidUserName()V @9: invokestatic
  Reason:
    Expected stackmap frame at this location.
  Bytecode:
    0000000: b200 b72a 2ab8 0094 4cb8 009a 2bb6 009e
    0000010: 2ab4 004a 04bd 004d 5903 125c 53b9 0051
    0000020: 0200 a700 0d4d b800 9a2c b600 a22c bfb8
    0000030: 009a b600 a5b1                         
  Exception Handler Table:
    bci [9, 37] => handler: 37

at tests.LoginPageInvalidTest.setUp(LoginPageInvalidTest.java:20)
at java.base/jdk.internal.reflect.NativeMethodAccessorImpl.invoke0(Native Method)
at java.base/jdk.internal.reflect.NativeMethodAccessorImpl.invoke(NativeMethodAccessorImpl.java:64)
at java.base/jdk.internal.reflect.DelegatingMethodAccessorImpl.invoke(DelegatingMethodAccessorImpl.java:43)
at java.base/java.lang.reflect.Method.invoke(Method.java:564)
at org.testng.internal.MethodInvocationHelper.invokeMethod(MethodInvocationHelper.java:124)
at org.testng.internal.MethodInvocationHelper.invokeMethodConsideringTimeout(MethodInvocationHelper.java:59)
at org.testng.internal.Invoker.invokeConfigurationMethod(Invoker.java:458)
at org.testng.internal.Invoker.invokeConfigurations(Invoker.java:222)
at org.testng.internal.Invoker.invokeMethod(Invoker.java:523)
at org.testng.internal.Invoker.invokeTestMethod(Invoker.java:719)
at org.testng.internal.Invoker.invokeTestMethods(Invoker.java:989)
at org.testng.internal.TestMethodWorker.invokeTestMethods(TestMethodWorker.java:125)
at org.testng.internal.TestMethodWorker.run(TestMethodWorker.java:109)
at org.testng.TestRunner.privateRun(TestRunner.java:648)
at org.testng.TestRunner.run(TestRunner.java:505)
at org.testng.SuiteRunner.runTest(SuiteRunner.java:455)
at org.testng.SuiteRunner.runSequentially(SuiteRunner.java:450)
at org.testng.SuiteRunner.privateRun(SuiteRunner.java:415)
at org.testng.SuiteRunner.run(SuiteRunner.java:364)
at org.testng.SuiteRunnerWorker.runSuite(SuiteRunnerWorker.java:52)
at org.testng.SuiteRunnerWorker.run(SuiteRunnerWorker.java:84)
at org.testng.TestNG.runSuitesSequentially(TestNG.java:1208)
at org.testng.TestNG.runSuitesLocally(TestNG.java:1137)
at org.testng.TestNG.runSuites(TestNG.java:1049)
at org.testng.TestNG.run(TestNG.java:1017)
at org.apache.maven.surefire.testng.TestNGExecutor.run(TestNGExecutor.java:135)
at org.apache.maven.surefire.testng.TestNGDirectoryTestSuite.executeMulti(TestNGDirectoryTestSuite.java:193)
at org.apache.maven.surefire.testng.TestNGDirectoryTestSuite.execute(TestNGDirectoryTestSuite.java:94)
at org.apache.maven.surefire.testng.TestNGProvider.invoke(TestNGProvider.java:146)
at org.apache.maven.surefire.booter.ForkedBooter.invokeProviderInSameClassLoader(ForkedBooter.java:386)
at org.apache.maven.surefire.booter.ForkedBooter.runSuitesInProcess(ForkedBooter.java:323)
at org.apache.maven.surefire.booter.ForkedBooter.main(ForkedBooter.java:143)
]]>
            </full-stacktrace>
          </exception> <!-- java.lang.VerifyError -->
          <reporter-output>
          </reporter-output>
        </test-method> <!-- setUp -->
        <test-method signature="InvalidDataLoginTest()[pri:2, instance:tests.LoginPageInvalidTest@43d455c9]" started-at="2021-01-20T15:34:03Z" name="InvalidDataLoginTest" finished-at="2021-01-20T15:34:03Z" duration-ms="0" status="SKIP">
          <exception class="java.lang.VerifyError">
            <message>
              <![CDATA[Expecting a stackmap frame at branch target 37
Exception Details:
  Location:
    pages/home/LoginPage.TypeInInvalidUserName()V @9: invokestatic
  Reason:
    Expected stackmap frame at this location.
  Bytecode:
    0000000: b200 b72a 2ab8 0094 4cb8 009a 2bb6 009e
    0000010: 2ab4 004a 04bd 004d 5903 125c 53b9 0051
    0000020: 0200 a700 0d4d b800 9a2c b600 a22c bfb8
    0000030: 009a b600 a5b1                         
  Exception Handler Table:
    bci [9, 37] => handler: 37
]]>
            </message>
            <full-stacktrace>
              <![CDATA[java.lang.VerifyError: Expecting a stackmap frame at branch target 37
Exception Details:
  Location:
    pages/home/LoginPage.TypeInInvalidUserName()V @9: invokestatic
  Reason:
    Expected stackmap frame at this location.
  Bytecode:
    0000000: b200 b72a 2ab8 0094 4cb8 009a 2bb6 009e
    0000010: 2ab4 004a 04bd 004d 5903 125c 53b9 0051
    0000020: 0200 a700 0d4d b800 9a2c b600 a22c bfb8
    0000030: 009a b600 a5b1                         
  Exception Handler Table:
    bci [9, 37] => handler: 37

at tests.LoginPageInvalidTest.setUp(LoginPageInvalidTest.java:20)
at java.base/jdk.internal.reflect.NativeMethodAccessorImpl.invoke0(Native Method)
at java.base/jdk.internal.reflect.NativeMethodAccessorImpl.invoke(NativeMethodAccessorImpl.java:64)
at java.base/jdk.internal.reflect.DelegatingMethodAccessorImpl.invoke(DelegatingMethodAccessorImpl.java:43)
at java.base/java.lang.reflect.Method.invoke(Method.java:564)
at org.testng.internal.MethodInvocationHelper.invokeMethod(MethodInvocationHelper.java:124)
at org.testng.internal.MethodInvocationHelper.invokeMethodConsideringTimeout(MethodInvocationHelper.java:59)
at org.testng.internal.Invoker.invokeConfigurationMethod(Invoker.java:458)
at org.testng.internal.Invoker.invokeConfigurations(Invoker.java:222)
at org.testng.internal.Invoker.invokeMethod(Invoker.java:523)
at org.testng.internal.Invoker.invokeTestMethod(Invoker.java:719)
at org.testng.internal.Invoker.invokeTestMethods(Invoker.java:989)
at org.testng.internal.TestMethodWorker.invokeTestMethods(TestMethodWorker.java:125)
at org.testng.internal.TestMethodWorker.run(TestMethodWorker.java:109)
at org.testng.TestRunner.privateRun(TestRunner.java:648)
at org.testng.TestRunner.run(TestRunner.java:505)
at org.testng.SuiteRunner.runTest(SuiteRunner.java:455)
at org.testng.SuiteRunner.runSequentially(SuiteRunner.java:450)
at org.testng.SuiteRunner.privateRun(SuiteRunner.java:415)
at org.testng.SuiteRunner.run(SuiteRunner.java:364)
at org.testng.SuiteRunnerWorker.runSuite(SuiteRunnerWorker.java:52)
at org.testng.SuiteRunnerWorker.run(SuiteRunnerWorker.java:84)
at org.testng.TestNG.runSuitesSequentially(TestNG.java:1208)
at org.testng.TestNG.runSuitesLocally(TestNG.java:1137)
at org.testng.TestNG.runSuites(TestNG.java:1049)
at org.testng.TestNG.run(TestNG.java:1017)
at org.apache.maven.surefire.testng.TestNGExecutor.run(TestNGExecutor.java:135)
at org.apache.maven.surefire.testng.TestNGDirectoryTestSuite.executeMulti(TestNGDirectoryTestSuite.java:193)
at org.apache.maven.surefire.testng.TestNGDirectoryTestSuite.execute(TestNGDirectoryTestSuite.java:94)
at org.apache.maven.surefire.testng.TestNGProvider.invoke(TestNGProvider.java:146)
at org.apache.maven.surefire.booter.ForkedBooter.invokeProviderInSameClassLoader(ForkedBooter.java:386)
at org.apache.maven.surefire.booter.ForkedBooter.runSuitesInProcess(ForkedBooter.java:323)
at org.apache.maven.surefire.booter.ForkedBooter.main(ForkedBooter.java:143)
]]>
            </full-stacktrace>
          </exception> <!-- java.lang.VerifyError -->
          <reporter-output>
          </reporter-output>
        </test-method> <!-- InvalidDataLoginTest -->
      </class> <!-- tests.LoginPageInvalidTest -->
      <class name="tests.LoginPageLogoutTest">
        <test-method is-config="true" signature="setUp()[pri:0, instance:tests.LoginPageLogoutTest@4c9e9fb8]" started-at="2021-01-20T15:34:03Z" name="setUp" finished-at="2021-01-20T15:34:03Z" duration-ms="0" status="FAIL">
          <exception class="java.lang.VerifyError">
            <message>
              <![CDATA[Expecting a stackmap frame at branch target 37
Exception Details:
  Location:
    pages/home/LoginPage.TypeInInvalidUserName()V @9: invokestatic
  Reason:
    Expected stackmap frame at this location.
  Bytecode:
    0000000: b200 b72a 2ab8 0094 4cb8 009a 2bb6 009e
    0000010: 2ab4 004a 04bd 004d 5903 125c 53b9 0051
    0000020: 0200 a700 0d4d b800 9a2c b600 a22c bfb8
    0000030: 009a b600 a5b1                         
  Exception Handler Table:
    bci [9, 37] => handler: 37
]]>
            </message>
            <full-stacktrace>
              <![CDATA[java.lang.VerifyError: Expecting a stackmap frame at branch target 37
Exception Details:
  Location:
    pages/home/LoginPage.TypeInInvalidUserName()V @9: invokestatic
  Reason:
    Expected stackmap frame at this location.
  Bytecode:
    0000000: b200 b72a 2ab8 0094 4cb8 009a 2bb6 009e
    0000010: 2ab4 004a 04bd 004d 5903 125c 53b9 0051
    0000020: 0200 a700 0d4d b800 9a2c b600 a22c bfb8
    0000030: 009a b600 a5b1                         
  Exception Handler Table:
    bci [9, 37] => handler: 37

at tests.LoginPageLogoutTest.setUp(LoginPageLogoutTest.java:18)
at java.base/jdk.internal.reflect.NativeMethodAccessorImpl.invoke0(Native Method)
at java.base/jdk.internal.reflect.NativeMethodAccessorImpl.invoke(NativeMethodAccessorImpl.java:64)
at java.base/jdk.internal.reflect.DelegatingMethodAccessorImpl.invoke(DelegatingMethodAccessorImpl.java:43)
at java.base/java.lang.reflect.Method.invoke(Method.java:564)
at org.testng.internal.MethodInvocationHelper.invokeMethod(MethodInvocationHelper.java:124)
at org.testng.internal.MethodInvocationHelper.invokeMethodConsideringTimeout(MethodInvocationHelper.java:59)
at org.testng.internal.Invoker.invokeConfigurationMethod(Invoker.java:458)
at org.testng.internal.Invoker.invokeConfigurations(Invoker.java:222)
at org.testng.internal.Invoker.invokeMethod(Invoker.java:523)
at org.testng.internal.Invoker.invokeTestMethod(Invoker.java:719)
at org.testng.internal.Invoker.invokeTestMethods(Invoker.java:989)
at org.testng.internal.TestMethodWorker.invokeTestMethods(TestMethodWorker.java:125)
at org.testng.internal.TestMethodWorker.run(TestMethodWorker.java:109)
at org.testng.TestRunner.privateRun(TestRunner.java:648)
at org.testng.TestRunner.run(TestRunner.java:505)
at org.testng.SuiteRunner.runTest(SuiteRunner.java:455)
at org.testng.SuiteRunner.runSequentially(SuiteRunner.java:450)
at org.testng.SuiteRunner.privateRun(SuiteRunner.java:415)
at org.testng.SuiteRunner.run(SuiteRunner.java:364)
at org.testng.SuiteRunnerWorker.runSuite(SuiteRunnerWorker.java:52)
at org.testng.SuiteRunnerWorker.run(SuiteRunnerWorker.java:84)
at org.testng.TestNG.runSuitesSequentially(TestNG.java:1208)
at org.testng.TestNG.runSuitesLocally(TestNG.java:1137)
at org.testng.TestNG.runSuites(TestNG.java:1049)
at org.testng.TestNG.run(TestNG.java:1017)
at org.apache.maven.surefire.testng.TestNGExecutor.run(TestNGExecutor.java:135)
at org.apache.maven.surefire.testng.TestNGDirectoryTestSuite.executeMulti(TestNGDirectoryTestSuite.java:193)
at org.apache.maven.surefire.testng.TestNGDirectoryTestSuite.execute(TestNGDirectoryTestSuite.java:94)
at org.apache.maven.surefire.testng.TestNGProvider.invoke(TestNGProvider.java:146)
at org.apache.maven.surefire.booter.ForkedBooter.invokeProviderInSameClassLoader(ForkedBooter.java:386)
at org.apache.maven.surefire.booter.ForkedBooter.runSuitesInProcess(ForkedBooter.java:323)
at org.apache.maven.surefire.booter.ForkedBooter.main(ForkedBooter.java:143)
]]>
            </full-stacktrace>
          </exception> <!-- java.lang.VerifyError -->
          <reporter-output>
          </reporter-output>
        </test-method> <!-- setUp -->
        <test-method signature="LogoutTest()[pri:3, instance:tests.LoginPageLogoutTest@4c9e9fb8]" started-at="2021-01-20T15:34:03Z" name="LogoutTest" finished-at="2021-01-20T15:34:03Z" duration-ms="0" status="SKIP">
          <exception class="java.lang.VerifyError">
            <message>
              <![CDATA[Expecting a stackmap frame at branch target 37
Exception Details:
  Location:
    pages/home/LoginPage.TypeInInvalidUserName()V @9: invokestatic
  Reason:
    Expected stackmap frame at this location.
  Bytecode:
    0000000: b200 b72a 2ab8 0094 4cb8 009a 2bb6 009e
    0000010: 2ab4 004a 04bd 004d 5903 125c 53b9 0051
    0000020: 0200 a700 0d4d b800 9a2c b600 a22c bfb8
    0000030: 009a b600 a5b1                         
  Exception Handler Table:
    bci [9, 37] => handler: 37
]]>
            </message>
            <full-stacktrace>
              <![CDATA[java.lang.VerifyError: Expecting a stackmap frame at branch target 37
Exception Details:
  Location:
    pages/home/LoginPage.TypeInInvalidUserName()V @9: invokestatic
  Reason:
    Expected stackmap frame at this location.
  Bytecode:
    0000000: b200 b72a 2ab8 0094 4cb8 009a 2bb6 009e
    0000010: 2ab4 004a 04bd 004d 5903 125c 53b9 0051
    0000020: 0200 a700 0d4d b800 9a2c b600 a22c bfb8
    0000030: 009a b600 a5b1                         
  Exception Handler Table:
    bci [9, 37] => handler: 37

at tests.LoginPageLogoutTest.setUp(LoginPageLogoutTest.java:18)
at java.base/jdk.internal.reflect.NativeMethodAccessorImpl.invoke0(Native Method)
at java.base/jdk.internal.reflect.NativeMethodAccessorImpl.invoke(NativeMethodAccessorImpl.java:64)
at java.base/jdk.internal.reflect.DelegatingMethodAccessorImpl.invoke(DelegatingMethodAccessorImpl.java:43)
at java.base/java.lang.reflect.Method.invoke(Method.java:564)
at org.testng.internal.MethodInvocationHelper.invokeMethod(MethodInvocationHelper.java:124)
at org.testng.internal.MethodInvocationHelper.invokeMethodConsideringTimeout(MethodInvocationHelper.java:59)
at org.testng.internal.Invoker.invokeConfigurationMethod(Invoker.java:458)
at org.testng.internal.Invoker.invokeConfigurations(Invoker.java:222)
at org.testng.internal.Invoker.invokeMethod(Invoker.java:523)
at org.testng.internal.Invoker.invokeTestMethod(Invoker.java:719)
at org.testng.internal.Invoker.invokeTestMethods(Invoker.java:989)
at org.testng.internal.TestMethodWorker.invokeTestMethods(TestMethodWorker.java:125)
at org.testng.internal.TestMethodWorker.run(TestMethodWorker.java:109)
at org.testng.TestRunner.privateRun(TestRunner.java:648)
at org.testng.TestRunner.run(TestRunner.java:505)
at org.testng.SuiteRunner.runTest(SuiteRunner.java:455)
at org.testng.SuiteRunner.runSequentially(SuiteRunner.java:450)
at org.testng.SuiteRunner.privateRun(SuiteRunner.java:415)
at org.testng.SuiteRunner.run(SuiteRunner.java:364)
at org.testng.SuiteRunnerWorker.runSuite(SuiteRunnerWorker.java:52)
at org.testng.SuiteRunnerWorker.run(SuiteRunnerWorker.java:84)
at org.testng.TestNG.runSuitesSequentially(TestNG.java:1208)
at org.testng.TestNG.runSuitesLocally(TestNG.java:1137)
at org.testng.TestNG.runSuites(TestNG.java:1049)
at org.testng.TestNG.run(TestNG.java:1017)
at org.apache.maven.surefire.testng.TestNGExecutor.run(TestNGExecutor.java:135)
at org.apache.maven.surefire.testng.TestNGDirectoryTestSuite.executeMulti(TestNGDirectoryTestSuite.java:193)
at org.apache.maven.surefire.testng.TestNGDirectoryTestSuite.execute(TestNGDirectoryTestSuite.java:94)
at org.apache.maven.surefire.testng.TestNGProvider.invoke(TestNGProvider.java:146)
at org.apache.maven.surefire.booter.ForkedBooter.invokeProviderInSameClassLoader(ForkedBooter.java:386)
at org.apache.maven.surefire.booter.ForkedBooter.runSuitesInProcess(ForkedBooter.java:323)
at org.apache.maven.surefire.booter.ForkedBooter.main(ForkedBooter.java:143)
]]>
            </full-stacktrace>
          </exception> <!-- java.lang.VerifyError -->
          <reporter-output>
          </reporter-output>
        </test-method> <!-- LogoutTest -->
      </class> <!-- tests.LoginPageLogoutTest -->
      <class name="common.BaseTest">
        <test-method is-config="true" signature="initialization()[pri:0, instance:common.BaseTest@5e8a459]" started-at="2021-01-20T15:34:00Z" name="initialization" finished-at="2021-01-20T15:34:03Z" duration-ms="2226" status="PASS">
          <reporter-output>
          </reporter-output>
        </test-method> <!-- initialization -->
      </class> <!-- common.BaseTest -->
      <class name="tests.LoginPageTest">
        <test-method is-config="true" signature="setUp()[pri:0, instance:tests.LoginPageTest@9ec531]" started-at="2021-01-20T15:34:03Z" name="setUp" finished-at="2021-01-20T15:34:03Z" duration-ms="30" status="FAIL">
          <exception class="java.lang.VerifyError">
            <message>
              <![CDATA[Expecting a stackmap frame at branch target 37
Exception Details:
  Location:
    pages/home/LoginPage.TypeInInvalidUserName()V @9: invokestatic
  Reason:
    Expected stackmap frame at this location.
  Bytecode:
    0000000: b200 b72a 2ab8 0094 4cb8 009a 2bb6 009e
    0000010: 2ab4 004a 04bd 004d 5903 125c 53b9 0051
    0000020: 0200 a700 0d4d b800 9a2c b600 a22c bfb8
    0000030: 009a b600 a5b1                         
  Exception Handler Table:
    bci [9, 37] => handler: 37
]]>
            </message>
            <full-stacktrace>
              <![CDATA[java.lang.VerifyError: Expecting a stackmap frame at branch target 37
Exception Details:
  Location:
    pages/home/LoginPage.TypeInInvalidUserName()V @9: invokestatic
  Reason:
    Expected stackmap frame at this location.
  Bytecode:
    0000000: b200 b72a 2ab8 0094 4cb8 009a 2bb6 009e
    0000010: 2ab4 004a 04bd 004d 5903 125c 53b9 0051
    0000020: 0200 a700 0d4d b800 9a2c b600 a22c bfb8
    0000030: 009a b600 a5b1                         
  Exception Handler Table:
    bci [9, 37] => handler: 37

at tests.LoginPageTest.setUp(LoginPageTest.java:20)
at java.base/jdk.internal.reflect.NativeMethodAccessorImpl.invoke0(Native Method)
at java.base/jdk.internal.reflect.NativeMethodAccessorImpl.invoke(NativeMethodAccessorImpl.java:64)
at java.base/jdk.internal.reflect.DelegatingMethodAccessorImpl.invoke(DelegatingMethodAccessorImpl.java:43)
at java.base/java.lang.reflect.Method.invoke(Method.java:564)
at org.testng.internal.MethodInvocationHelper.invokeMethod(MethodInvocationHelper.java:124)
at org.testng.internal.MethodInvocationHelper.invokeMethodConsideringTimeout(MethodInvocationHelper.java:59)
at org.testng.internal.Invoker.invokeConfigurationMethod(Invoker.java:458)
at org.testng.internal.Invoker.invokeConfigurations(Invoker.java:222)
at org.testng.internal.Invoker.invokeMethod(Invoker.java:523)
at org.testng.internal.Invoker.invokeTestMethod(Invoker.java:719)
at org.testng.internal.Invoker.invokeTestMethods(Invoker.java:989)
at org.testng.internal.TestMethodWorker.invokeTestMethods(TestMethodWorker.java:125)
at org.testng.internal.TestMethodWorker.run(TestMethodWorker.java:109)
at org.testng.TestRunner.privateRun(TestRunner.java:648)
at org.testng.TestRunner.run(TestRunner.java:505)
at org.testng.SuiteRunner.runTest(SuiteRunner.java:455)
at org.testng.SuiteRunner.runSequentially(SuiteRunner.java:450)
at org.testng.SuiteRunner.privateRun(SuiteRunner.java:415)
at org.testng.SuiteRunner.run(SuiteRunner.java:364)
at org.testng.SuiteRunnerWorker.runSuite(SuiteRunnerWorker.java:52)
at org.testng.SuiteRunnerWorker.run(SuiteRunnerWorker.java:84)
at org.testng.TestNG.runSuitesSequentially(TestNG.java:1208)
at org.testng.TestNG.runSuitesLocally(TestNG.java:1137)
at org.testng.TestNG.runSuites(TestNG.java:1049)
at org.testng.TestNG.run(TestNG.java:1017)
at org.apache.maven.surefire.testng.TestNGExecutor.run(TestNGExecutor.java:135)
at org.apache.maven.surefire.testng.TestNGDirectoryTestSuite.executeMulti(TestNGDirectoryTestSuite.java:193)
at org.apache.maven.surefire.testng.TestNGDirectoryTestSuite.execute(TestNGDirectoryTestSuite.java:94)
at org.apache.maven.surefire.testng.TestNGProvider.invoke(TestNGProvider.java:146)
at org.apache.maven.surefire.booter.ForkedBooter.invokeProviderInSameClassLoader(ForkedBooter.java:386)
at org.apache.maven.surefire.booter.ForkedBooter.runSuitesInProcess(ForkedBooter.java:323)
at org.apache.maven.surefire.booter.ForkedBooter.main(ForkedBooter.java:143)
]]>
            </full-stacktrace>
          </exception> <!-- java.lang.VerifyError -->
          <reporter-output>
          </reporter-output>
        </test-method> <!-- setUp -->
        <test-method signature="LoginTest()[pri:1, instance:tests.LoginPageTest@9ec531]" started-at="2021-01-20T15:34:03Z" name="LoginTest" finished-at="2021-01-20T15:34:03Z" duration-ms="0" status="SKIP">
          <exception class="java.lang.VerifyError">
            <message>
              <![CDATA[Expecting a stackmap frame at branch target 37
Exception Details:
  Location:
    pages/home/LoginPage.TypeInInvalidUserName()V @9: invokestatic
  Reason:
    Expected stackmap frame at this location.
  Bytecode:
    0000000: b200 b72a 2ab8 0094 4cb8 009a 2bb6 009e
    0000010: 2ab4 004a 04bd 004d 5903 125c 53b9 0051
    0000020: 0200 a700 0d4d b800 9a2c b600 a22c bfb8
    0000030: 009a b600 a5b1                         
  Exception Handler Table:
    bci [9, 37] => handler: 37
]]>
            </message>
            <full-stacktrace>
              <![CDATA[java.lang.VerifyError: Expecting a stackmap frame at branch target 37
Exception Details:
  Location:
    pages/home/LoginPage.TypeInInvalidUserName()V @9: invokestatic
  Reason:
    Expected stackmap frame at this location.
  Bytecode:
    0000000: b200 b72a 2ab8 0094 4cb8 009a 2bb6 009e
    0000010: 2ab4 004a 04bd 004d 5903 125c 53b9 0051
    0000020: 0200 a700 0d4d b800 9a2c b600 a22c bfb8
    0000030: 009a b600 a5b1                         
  Exception Handler Table:
    bci [9, 37] => handler: 37

at tests.LoginPageTest.setUp(LoginPageTest.java:20)
at java.base/jdk.internal.reflect.NativeMethodAccessorImpl.invoke0(Native Method)
at java.base/jdk.internal.reflect.NativeMethodAccessorImpl.invoke(NativeMethodAccessorImpl.java:64)
at java.base/jdk.internal.reflect.DelegatingMethodAccessorImpl.invoke(DelegatingMethodAccessorImpl.java:43)
at java.base/java.lang.reflect.Method.invoke(Method.java:564)
at org.testng.internal.MethodInvocationHelper.invokeMethod(MethodInvocationHelper.java:124)
at org.testng.internal.MethodInvocationHelper.invokeMethodConsideringTimeout(MethodInvocationHelper.java:59)
at org.testng.internal.Invoker.invokeConfigurationMethod(Invoker.java:458)
at org.testng.internal.Invoker.invokeConfigurations(Invoker.java:222)
at org.testng.internal.Invoker.invokeMethod(Invoker.java:523)
at org.testng.internal.Invoker.invokeTestMethod(Invoker.java:719)
at org.testng.internal.Invoker.invokeTestMethods(Invoker.java:989)
at org.testng.internal.TestMethodWorker.invokeTestMethods(TestMethodWorker.java:125)
at org.testng.internal.TestMethodWorker.run(TestMethodWorker.java:109)
at org.testng.TestRunner.privateRun(TestRunner.java:648)
at org.testng.TestRunner.run(TestRunner.java:505)
at org.testng.SuiteRunner.runTest(SuiteRunner.java:455)
at org.testng.SuiteRunner.runSequentially(SuiteRunner.java:450)
at org.testng.SuiteRunner.privateRun(SuiteRunner.java:415)
at org.testng.SuiteRunner.run(SuiteRunner.java:364)
at org.testng.SuiteRunnerWorker.runSuite(SuiteRunnerWorker.java:52)
at org.testng.SuiteRunnerWorker.run(SuiteRunnerWorker.java:84)
at org.testng.TestNG.runSuitesSequentially(TestNG.java:1208)
at org.testng.TestNG.runSuitesLocally(TestNG.java:1137)
at org.testng.TestNG.runSuites(TestNG.java:1049)
at org.testng.TestNG.run(TestNG.java:1017)
at org.apache.maven.surefire.testng.TestNGExecutor.run(TestNGExecutor.java:135)
at org.apache.maven.surefire.testng.TestNGDirectoryTestSuite.executeMulti(TestNGDirectoryTestSuite.java:193)
at org.apache.maven.surefire.testng.TestNGDirectoryTestSuite.execute(TestNGDirectoryTestSuite.java:94)
at org.apache.maven.surefire.testng.TestNGProvider.invoke(TestNGProvider.java:146)
at org.apache.maven.surefire.booter.ForkedBooter.invokeProviderInSameClassLoader(ForkedBooter.java:386)
at org.apache.maven.surefire.booter.ForkedBooter.runSuitesInProcess(ForkedBooter.java:323)
at org.apache.maven.surefire.booter.ForkedBooter.main(ForkedBooter.java:143)
]]>
            </full-stacktrace>
          </exception> <!-- java.lang.VerifyError -->
          <reporter-output>
          </reporter-output>
        </test-method> <!-- LoginTest -->
      </class> <!-- tests.LoginPageTest -->
    </test> <!-- Surefire test -->
  </suite> <!-- Surefire suite -->
</testng-results>
